\BOOKMARK [1][-]{section.1}{\376\377\000I\000n\000t\000r\000o\000d\000u\000c\000t\000i\000o\000n}{}% 1
\BOOKMARK [1][-]{section.2}{\376\377\000B\000a\000c\000k\000g\000r\000o\000u\000n\000d\000\040\000a\000n\000d\000\040\000R\000e\000l\000a\000t\000e\000d\000\040\000W\000o\000r\000k}{}% 2
\BOOKMARK [2][-]{subsection.2.1}{\376\377\000S\000e\000l\000f\000-\000D\000i\000s\000t\000i\000l\000l\000a\000t\000i\000o\000n\000\040\000f\000o\000r\000\040\000L\000L\000M\000\040\000P\000o\000s\000t\000-\000T\000r\000a\000i\000n\000i\000n\000g}{section.2}% 3
\BOOKMARK [2][-]{subsection.2.2}{\376\377\000E\000p\000i\000s\000t\000e\000m\000i\000c\000\040\000T\000o\000k\000e\000n\000s\000\040\000a\000n\000d\000\040\000R\000e\000l\000a\000t\000e\000d\000\040\000D\000i\000r\000e\000c\000t\000i\000o\000n\000s}{section.2}% 4
\BOOKMARK [1][-]{section.3}{\376\377\000D\000i\000a\000g\000n\000o\000s\000i\000s\000:\000\040\000W\000h\000y\000\040\000S\000e\000l\000f\000-\000D\000i\000s\000t\000i\000l\000l\000a\000t\000i\000o\000n\000\040\000D\000e\000g\000r\000a\000d\000e\000s\000\040\000R\000e\000a\000s\000o\000n\000i\000n\000g}{}% 5
\BOOKMARK [2][-]{subsection.3.1}{\376\377\000D\000o\000m\000a\000i\000n\000\040\000C\000o\000n\000t\000r\000a\000s\000t\000:\000\040\000S\000u\000c\000c\000e\000s\000s\000\040\000a\000n\000d\000\040\000F\000a\000i\000l\000u\000r\000e\000\040\000o\000f\000\040\000S\000e\000l\000f\000-\000D\000i\000s\000t\000i\000l\000l\000a\000t\000i\000o\000n}{section.3}% 6
\BOOKMARK [2][-]{subsection.3.2}{\376\377\000T\000o\000k\000e\000n\000-\000L\000e\000v\000e\000l\000\040\000S\000i\000g\000n\000a\000l\000\040\000C\000o\000n\000c\000e\000n\000t\000r\000a\000t\000i\000o\000n}{section.3}% 7
\BOOKMARK [2][-]{subsection.3.3}{\376\377\000R\000e\000f\000e\000r\000e\000n\000c\000e\000\040\000C\000o\000n\000t\000e\000x\000t\000\040\000M\000a\000t\000t\000e\000r\000s}{section.3}% 8
\BOOKMARK [1][-]{section.4}{\376\377\000M\000e\000t\000h\000o\000d\000:\000\040\000E\000p\000i\000s\000t\000e\000m\000i\000c\000\040\000T\000o\000k\000e\000n\000\040\000M\000a\000s\000k\000i\000n\000g}{}% 9
\BOOKMARK [2][-]{subsection.4.1}{\376\377\000E\000p\000i\000s\000t\000e\000m\000i\000c\000\040\000T\000o\000k\000e\000n\000\040\000S\000e\000t}{section.4}% 10
\BOOKMARK [2][-]{subsection.4.2}{\376\377\000M\000a\000s\000k\000e\000d\000\040\000S\000e\000l\000f\000-\000D\000i\000s\000t\000i\000l\000l\000a\000t\000i\000o\000n\000\040\000L\000o\000s\000s}{section.4}% 11
\BOOKMARK [1][-]{section.5}{\376\377\000E\000x\000p\000e\000r\000i\000m\000e\000n\000t\000s}{}% 12
\BOOKMARK [2][-]{subsection.5.1}{\376\377\000S\000e\000t\000u\000p}{section.5}% 13
\BOOKMARK [2][-]{subsection.5.2}{\376\377\000M\000a\000i\000n\000\040\000R\000e\000s\000u\000l\000t\000s}{section.5}% 14
\BOOKMARK [2][-]{subsection.5.3}{\376\377\000A\000n\000a\000l\000y\000s\000i\000s}{section.5}% 15
\BOOKMARK [1][-]{section.6}{\376\377\000D\000i\000s\000c\000u\000s\000s\000i\000o\000n}{}% 16
\BOOKMARK [1][-]{section.7}{\376\377\000C\000o\000n\000c\000l\000u\000s\000i\000o\000n}{}% 17
\BOOKMARK [1][-]{section.A}{\376\377\000T\000r\000a\000i\000n\000i\000n\000g\000\040\000D\000e\000t\000a\000i\000l\000s}{}% 18
\BOOKMARK [1][-]{section.B}{\376\377\000P\000r\000o\000m\000p\000t\000\040\000T\000e\000m\000p\000l\000a\000t\000e\000s}{}% 19
\BOOKMARK [1][-]{section.C}{\376\377\000C\000a\000s\000e\000\040\000S\000t\000u\000d\000y\000:\000\040\000S\000u\000p\000p\000r\000e\000s\000s\000i\000o\000n\000\040\000o\000f\000\040\000R\000e\000f\000l\000e\000c\000t\000i\000v\000e\000\040\000R\000e\000a\000s\000o\000n\000i\000n\000g}{}% 20
